生成启动时间为 27/11/2013 11:05:56。
     1>项目“C:\Users\YaoYuan\Documents\GitHub\C-language-book\eluosi-game-learning\eluosi-game-learning\eluosi-game-learning.vcxproj”在节点 2 上(Build 个目标)。
     1>ClCompile:
         D:\Program Files (x86)\Microsoft Visual Studio 12.0\VC\bin\CL.exe /c /ZI /nologo /W3 /WX- /sdl /Od /Oy- /D WIN32 /D _DEBUG /D _CONSOLE /D _LIB /D _UNICODE /D UNICODE /Gm /EHsc /RTC1 /MDd /GS /fp:precise /Zc:wchar_t /Zc:forScope /Fo"Debug\\" /Fd"Debug\vc120.pdb" /Gd /TC /analyze- /errorReport:prompt "fangkuai-graph.c" main.c
         main.c
     1>c:\users\yaoyuan\documents\github\c-language-book\eluosi-game-learning\eluosi-game-learning\draw.h(1): warning C4005: “VK_LEFT”: 宏重定义
                 c:\program files (x86)\windows kits\8.1\include\um\winuser.h(482) : 参见“VK_LEFT”的前一个定义
     1>c:\users\yaoyuan\documents\github\c-language-book\eluosi-game-learning\eluosi-game-learning\draw.h(2): warning C4005: “VK_RIGHT”: 宏重定义
                 c:\program files (x86)\windows kits\8.1\include\um\winuser.h(484) : 参见“VK_RIGHT”的前一个定义
     1>c:\users\yaoyuan\documents\github\c-language-book\eluosi-game-learning\eluosi-game-learning\draw.h(3): warning C4005: “VK_DOWN”: 宏重定义
                 c:\program files (x86)\windows kits\8.1\include\um\winuser.h(485) : 参见“VK_DOWN”的前一个定义
     1>c:\users\yaoyuan\documents\github\c-language-book\eluosi-game-learning\eluosi-game-learning\draw.h(4): warning C4005: “VK_UP”: 宏重定义
                 c:\program files (x86)\windows kits\8.1\include\um\winuser.h(483) : 参见“VK_UP”的前一个定义
     1>c:\users\yaoyuan\documents\github\c-language-book\eluosi-game-learning\eluosi-game-learning\draw.h(36): error C2143: 语法错误 : 缺少“)”(在“*”的前面)
     1>c:\users\yaoyuan\documents\github\c-language-book\eluosi-game-learning\eluosi-game-learning\draw.h(36): error C2143: 语法错误 : 缺少“{”(在“*”的前面)
     1>c:\users\yaoyuan\documents\github\c-language-book\eluosi-game-learning\eluosi-game-learning\draw.h(36): error C2059: 语法错误:“)”
     1>c:\users\yaoyuan\documents\github\c-language-book\eluosi-game-learning\eluosi-game-learning\draw.h(43): error C2085: “Table_board”: 不在形参表中
     1>c:\users\yaoyuan\documents\github\c-language-book\eluosi-game-learning\eluosi-game-learning\main.c(7): error C2061: 语法错误: 标识符“main”
         fangkuai-graph.c
     1>c:\users\yaoyuan\documents\github\c-language-book\eluosi-game-learning\eluosi-game-learning\draw.h(36): error C2143: 语法错误 : 缺少“)”(在“*”的前面)
     1>c:\users\yaoyuan\documents\github\c-language-book\eluosi-game-learning\eluosi-game-learning\draw.h(36): error C2143: 语法错误 : 缺少“{”(在“*”的前面)
     1>c:\users\yaoyuan\documents\github\c-language-book\eluosi-game-learning\eluosi-game-learning\draw.h(36): error C2059: 语法错误:“)”
     1>c:\users\yaoyuan\documents\github\c-language-book\eluosi-game-learning\eluosi-game-learning\draw.h(43): error C2085: “Table_board”: 不在形参表中
     1>c:\users\yaoyuan\documents\github\c-language-book\eluosi-game-learning\eluosi-game-learning\fangkuai-graph.c(2): error C2085: “shapes”: 不在形参表中
     1>c:\users\yaoyuan\documents\github\c-language-book\eluosi-game-learning\eluosi-game-learning\fangkuai-graph.c(2): error C2143: 语法错误 : 缺少“;”(在“=”的前面)
         正在生成代码...
     1>已完成生成项目“C:\Users\YaoYuan\Documents\GitHub\C-language-book\eluosi-game-learning\eluosi-game-learning\eluosi-game-learning.vcxproj”(Build 个目标)的操作 - 失败。

生成失败。

已用时间 00:00:00.38
